<?xml version="1.0" encoding="UTF-8"?>
<testsuite xmlns:xsi="http://www.w3.org/2001/XMLSchema-instance" xsi:noNamespaceSchemaLocation="https://maven.apache.org/surefire/maven-surefire-plugin/xsd/surefire-test-report.xsd" name="edu.cmu.cs214.hw3.gameBoard.BoardTest" time="0" tests="2" errors="0" skipped="0" failures="0">
  <properties>
    <property name="java.specification.version" value="19"/>
    <property name="sun.jnu.encoding" value="UTF-8"/>
    <property name="java.class.path" value="/Users/dengyanting/Documents/GitHub/hw3-santorini-YantD729/back-end/target/test-classes:/Users/dengyanting/Documents/GitHub/hw3-santorini-YantD729/back-end/target/classes:/Users/dengyanting/.m2/repository/junit/junit/4.11/junit-4.11.jar:/Users/dengyanting/.m2/repository/org/hamcrest/hamcrest-core/1.3/hamcrest-core-1.3.jar:/Users/dengyanting/.m2/repository/org/nanohttpd/nanohttpd/2.3.0/nanohttpd-2.3.0.jar:"/>
    <property name="java.vm.vendor" value="Homebrew"/>
    <property name="sun.arch.data.model" value="64"/>
    <property name="java.vendor.url" value="https://github.com/Homebrew/homebrew-core/issues"/>
    <property name="os.name" value="Mac OS X"/>
    <property name="java.vm.specification.version" value="19"/>
    <property name="sun.java.launcher" value="SUN_STANDARD"/>
    <property name="user.country" value="CN"/>
    <property name="sun.boot.library.path" value="/usr/local/Cellar/openjdk/19.0.1/libexec/openjdk.jdk/Contents/Home/lib"/>
    <property name="sun.java.command" value="/Users/dengyanting/Documents/GitHub/hw3-santorini-YantD729/back-end/target/surefire/surefirebooter70731806632314948.jar /Users/dengyanting/Documents/GitHub/hw3-santorini-YantD729/back-end/target/surefire 2023-03-28T09-34-36_472-jvmRun1 surefire15791184572079251149tmp surefire_03840988062815000396tmp"/>
    <property name="jdk.debug" value="release"/>
    <property name="surefire.test.class.path" value="/Users/dengyanting/Documents/GitHub/hw3-santorini-YantD729/back-end/target/test-classes:/Users/dengyanting/Documents/GitHub/hw3-santorini-YantD729/back-end/target/classes:/Users/dengyanting/.m2/repository/junit/junit/4.11/junit-4.11.jar:/Users/dengyanting/.m2/repository/org/hamcrest/hamcrest-core/1.3/hamcrest-core-1.3.jar:/Users/dengyanting/.m2/repository/org/nanohttpd/nanohttpd/2.3.0/nanohttpd-2.3.0.jar:"/>
    <property name="sun.cpu.endian" value="little"/>
    <property name="user.home" value="/Users/dengyanting"/>
    <property name="user.language" value="en"/>
    <property name="java.specification.vendor" value="Oracle Corporation"/>
    <property name="java.version.date" value="2022-10-18"/>
    <property name="java.home" value="/usr/local/Cellar/openjdk/19.0.1/libexec/openjdk.jdk/Contents/Home"/>
    <property name="file.separator" value="/"/>
    <property name="basedir" value="/Users/dengyanting/Documents/GitHub/hw3-santorini-YantD729/back-end"/>
    <property name="java.vm.compressedOopsMode" value="Zero based"/>
    <property name="line.separator" value="&#10;"/>
    <property name="java.specification.name" value="Java Platform API Specification"/>
    <property name="java.vm.specification.vendor" value="Oracle Corporation"/>
    <property name="apple.awt.application.name" value="ForkedBooter"/>
    <property name="surefire.real.class.path" value="/Users/dengyanting/Documents/GitHub/hw3-santorini-YantD729/back-end/target/surefire/surefirebooter70731806632314948.jar"/>
    <property name="sun.management.compiler" value="HotSpot 64-Bit Tiered Compilers"/>
    <property name="java.runtime.version" value="19.0.1"/>
    <property name="user.name" value="dengyanting"/>
    <property name="stdout.encoding" value="UTF-8"/>
    <property name="path.separator" value=":"/>
    <property name="os.version" value="13.2.1"/>
    <property name="java.runtime.name" value="OpenJDK Runtime Environment"/>
    <property name="file.encoding" value="UTF-8"/>
    <property name="java.vm.name" value="OpenJDK 64-Bit Server VM"/>
    <property name="java.vendor.version" value="Homebrew"/>
    <property name="localRepository" value="/Users/dengyanting/.m2/repository"/>
    <property name="java.vendor.url.bug" value="https://github.com/Homebrew/homebrew-core/issues"/>
    <property name="java.io.tmpdir" value="/var/folders/m3/8tlzsc7558zd_qt5ff6wfrkc0000gn/T/"/>
    <property name="java.version" value="19.0.1"/>
    <property name="user.dir" value="/Users/dengyanting/Documents/GitHub/hw3-santorini-YantD729/back-end"/>
    <property name="os.arch" value="x86_64"/>
    <property name="java.vm.specification.name" value="Java Virtual Machine Specification"/>
    <property name="native.encoding" value="UTF-8"/>
    <property name="java.library.path" value="/Users/dengyanting/Library/Java/Extensions:/Library/Java/Extensions:/Network/Library/Java/Extensions:/System/Library/Java/Extensions:/usr/lib/java:."/>
    <property name="java.vm.info" value="mixed mode, sharing"/>
    <property name="stderr.encoding" value="UTF-8"/>
    <property name="java.vendor" value="Homebrew"/>
    <property name="java.vm.version" value="19.0.1"/>
    <property name="sun.io.unicode.encoding" value="UnicodeBig"/>
    <property name="java.class.version" value="63.0"/>
  </properties>
  <testcase name="testCurrentBuild" classname="edu.cmu.cs214.hw3.gameBoard.BoardTest" time="0"/>
  <testcase name="testValidBuildTower" classname="edu.cmu.cs214.hw3.gameBoard.BoardTest" time="0"/>
</testsuite>